# JRE version: OpenJDK Runtime Environment Temurin-17+35 (17.0+35) (build 17+35)
# Java VM: OpenJDK 64-Bit Server VM Temurin-17+35 (17+35, mixed mode, emulated-client, tiered, compressed oops, compressed class ptrs, g1 gc, windows-amd64)
GC Precious Log:
 CPUs: 4 total, 4 available
 Memory: 3894M
 Large Page Support: Disabled
 NUMA Support: Disabled
 Compressed Oops: Enabled (32-bit)
 Heap Region Size: 1M
 Heap Min Capacity: 8M
 Heap Initial Capacity: 62M
 Heap Max Capacity: 974M
 Pre-touch: Disabled
 Parallel Workers: 4
 Concurrent Workers: 1
 Concurrent Refinement Workers: 4
 Periodic GC: Disabled
Heap:
 garbage-first heap   total 81920K, used 30862K [0x00000000c3200000, 0x0000000100000000)
  region size 1024K, 10 young (10240K), 4 survivors (4096K)
 Metaspace       used 67470K, committed 68032K, reserved 1114112K
  class space    used 9059K, committed 9344K, reserved 1048576K
GC Heap History (20 events):
Event: 1078.088 GC heap before
{Heap before GC invocations=38 (full 2):
 garbage-first heap   total 71680K, used 47689K [0x00000000c3200000, 0x0000000100000000)
  region size 1024K, 23 young (23552K), 3 survivors (3072K)
 Metaspace       used 67072K, committed 67520K, reserved 1114112K
  class space    used 8986K, committed 9216K, reserved 1048576K
}
Event: 1078.156 GC heap after
{Heap after GC invocations=39 (full 3):
 garbage-first heap   total 71680K, used 21548K [0x00000000c3200000, 0x0000000100000000)
  region size 1024K, 0 young (0K), 0 survivors (0K)
 Metaspace       used 66428K, committed 67328K, reserved 1114112K
  class space    used 8925K, committed 9216K, reserved 1048576K
}
Event: 1078.645 GC heap before
{Heap before GC invocations=39 (full 3):
 garbage-first heap   total 71680K, used 54316K [0x00000000c3200000, 0x0000000100000000)
  region size 1024K, 32 young (32768K), 0 survivors (0K)
 Metaspace       used 66550K, committed 67328K, reserved 1114112K
  class space    used 8951K, committed 9216K, reserved 1048576K
}
Event: 1078.651 GC heap after
{Heap after GC invocations=40 (full 3):
 garbage-first heap   total 71680K, used 24227K [0x00000000c3200000, 0x0000000100000000)
  region size 1024K, 3 young (3072K), 3 survivors (3072K)
 Metaspace       used 66550K, committed 67328K, reserved 1114112K
  class space    used 8951K, committed 9216K, reserved 1048576K
}
Event: 1078.660 GC heap before
{Heap before GC invocations=40 (full 3):
 garbage-first heap   total 71680K, used 53923K [0x00000000c3200000, 0x0000000100000000)
  region size 1024K, 33 young (33792K), 3 survivors (3072K)
 Metaspace       used 66550K, committed 67328K, reserved 1114112K
  class space    used 8951K, committed 9216K, reserved 1048576K
}
Event: 1078.664 GC heap after
{Heap after GC invocations=41 (full 3):
 garbage-first heap   total 71680K, used 24078K [0x00000000c3200000, 0x0000000100000000)
  region size 1024K, 3 young (3072K), 3 survivors (3072K)
 Metaspace       used 66550K, committed 67328K, reserved 1114112K
  class space    used 8951K, committed 9216K, reserved 1048576K
}
Event: 1109.482 GC heap before
{Heap before GC invocations=41 (full 3):
 garbage-first heap   total 71680K, used 54798K [0x00000000c3200000, 0x0000000100000000)
  region size 1024K, 34 young (34816K), 3 survivors (3072K)
 Metaspace       used 66608K, committed 67328K, reserved 1114112K
  class space    used 8966K, committed 9216K, reserved 1048576K
}
Event: 1109.486 GC heap after
{Heap after GC invocations=42 (full 3):
 garbage-first heap   total 71680K, used 23959K [0x00000000c3200000, 0x0000000100000000)
  region size 1024K, 3 young (3072K), 3 survivors (3072K)
 Metaspace       used 66608K, committed 67328K, reserved 1114112K
  class space    used 8966K, committed 9216K, reserved 1048576K
}
Event: 1109.718 GC heap before
{Heap before GC invocations=42 (full 3):
 garbage-first heap   total 71680K, used 54679K [0x00000000c3200000, 0x0000000100000000)
  region size 1024K, 34 young (34816K), 3 survivors (3072K)
 Metaspace       used 66674K, committed 67328K, reserved 1114112K
  class space    used 8977K, committed 9216K, reserved 1048576K
}
Event: 1109.723 GC heap after
{Heap after GC invocations=43 (full 3):
 garbage-first heap   total 71680K, used 24727K [0x00000000c3200000, 0x0000000100000000)
  region size 1024K, 4 young (4096K), 4 survivors (4096K)
 Metaspace       used 66674K, committed 67328K, reserved 1114112K
  class space    used 8977K, committed 9216K, reserved 1048576K
}
Event: 1109.802 GC heap before
{Heap before GC invocations=43 (full 3):
 garbage-first heap   total 71680K, used 54423K [0x00000000c3200000, 0x0000000100000000)
  region size 1024K, 34 young (34816K), 4 survivors (4096K)
 Metaspace       used 66677K, committed 67328K, reserved 1114112K
  class space    used 8978K, committed 9216K, reserved 1048576K
}
Event: 1109.808 GC heap after
{Heap after GC invocations=44 (full 3):
 garbage-first heap   total 215040K, used 25031K [0x00000000c3200000, 0x0000000100000000)
  region size 1024K, 3 young (3072K), 3 survivors (3072K)
 Metaspace       used 66677K, committed 67328K, reserved 1114112K
  class space    used 8978K, committed 9216K, reserved 1048576K
}
Event: 1281.457 GC heap before
{Heap before GC invocations=44 (full 3):
 garbage-first heap   total 215040K, used 149959K [0x00000000c3200000, 0x0000000100000000)
  region size 1024K, 126 young (129024K), 3 survivors (3072K)
 Metaspace       used 67248K, committed 67776K, reserved 1114112K
  class space    used 9021K, committed 9280K, reserved 1048576K
}
Event: 1281.470 GC heap after
{Heap after GC invocations=45 (full 3):
 garbage-first heap   total 215040K, used 27660K [0x00000000c3200000, 0x0000000100000000)
  region size 1024K, 6 young (6144K), 6 survivors (6144K)
 Metaspace       used 67248K, committed 67776K, reserved 1114112K
  class space    used 9021K, committed 9280K, reserved 1048576K
}
Event: 1357.178 GC heap before
{Heap before GC invocations=45 (full 3):
 garbage-first heap   total 215040K, used 49164K [0x00000000c3200000, 0x0000000100000000)
  region size 1024K, 29 young (29696K), 6 survivors (6144K)
 Metaspace       used 67262K, committed 67776K, reserved 1114112K
  class space    used 9025K, committed 9280K, reserved 1048576K
}
Event: 1357.254 GC heap after
{Heap after GC invocations=46 (full 4):
 garbage-first heap   total 81920K, used 22521K [0x00000000c3200000, 0x0000000100000000)
  region size 1024K, 0 young (0K), 0 survivors (0K)
 Metaspace       used 67244K, committed 67776K, reserved 1114112K
  class space    used 9022K, committed 9280K, reserved 1048576K
}
Event: 1357.847 GC heap before
{Heap before GC invocations=46 (full 4):
 garbage-first heap   total 81920K, used 65529K [0x00000000c3200000, 0x0000000100000000)
  region size 1024K, 43 young (44032K), 0 survivors (0K)
 Metaspace       used 67363K, committed 67904K, reserved 1114112K
  class space    used 9049K, committed 9344K, reserved 1048576K
}
Event: 1357.853 GC heap after
{Heap after GC invocations=47 (full 4):
 garbage-first heap   total 81920K, used 25498K [0x00000000c3200000, 0x0000000100000000)
  region size 1024K, 3 young (3072K), 3 survivors (3072K)
 Metaspace       used 67363K, committed 67904K, reserved 1114112K
  class space    used 9049K, committed 9344K, reserved 1048576K
}
Event: 1358.069 GC heap before
{Heap before GC invocations=47 (full 4):
 garbage-first heap   total 81920K, used 65434K [0x00000000c3200000, 0x0000000100000000)
  region size 1024K, 43 young (44032K), 3 survivors (3072K)
 Metaspace       used 67421K, committed 67968K, reserved 1114112K
  class space    used 9055K, committed 9344K, reserved 1048576K
}
Event: 1358.075 GC heap after
{Heap after GC invocations=48 (full 4):
 garbage-first heap   total 81920K, used 25742K [0x00000000c3200000, 0x0000000100000000)
  region size 1024K, 4 young (4096K), 4 survivors (4096K)
 Metaspace       used 67421K, committed 67968K, reserved 1114112K
  class space    used 9055K, committed 9344K, reserved 1048576K
}

