# JRE version: OpenJDK Runtime Environment Temurin-17+35 (17.0+35) (build 17+35)
# Java VM: OpenJDK 64-Bit Server VM Temurin-17+35 (17+35, mixed mode, emulated-client, tiered, compressed oops, compressed class ptrs, g1 gc, windows-amd64)
GC Precious Log:
 CPUs: 4 total, 4 available
 Memory: 3894M
 Large Page Support: Disabled
 NUMA Support: Disabled
 Compressed Oops: Enabled (32-bit)
 Heap Region Size: 1M
 Heap Min Capacity: 8M
 Heap Initial Capacity: 62M
 Heap Max Capacity: 974M
 Pre-touch: Disabled
 Parallel Workers: 4
 Concurrent Workers: 1
 Concurrent Refinement Workers: 4
 Periodic GC: Disabled
Heap:
 garbage-first heap   total 65536K, used 52893K [0x00000000c3200000, 0x0000000100000000)
  region size 1024K, 38 young (38912K), 5 survivors (5120K)
 Metaspace       used 51548K, committed 51968K, reserved 1097728K
  class space    used 6896K, committed 7104K, reserved 1048576K
GC Heap History (20 events):
Event: 2.099 GC heap after
{Heap after GC invocations=5 (full 0):
 garbage-first heap   total 63488K, used 9441K [0x00000000c3200000, 0x0000000100000000)
  region size 1024K, 2 young (2048K), 2 survivors (2048K)
 Metaspace       used 21187K, committed 21504K, reserved 1073152K
  class space    used 2445K, committed 2624K, reserved 1048576K
}
Event: 2.665 GC heap before
{Heap before GC invocations=6 (full 0):
 garbage-first heap   total 40960K, used 31969K [0x00000000c3200000, 0x0000000100000000)
  region size 1024K, 26 young (26624K), 2 survivors (2048K)
 Metaspace       used 26244K, committed 26496K, reserved 1073152K
  class space    used 3112K, committed 3200K, reserved 1048576K
}
Event: 2.672 GC heap after
{Heap after GC invocations=7 (full 0):
 garbage-first heap   total 40960K, used 10641K [0x00000000c3200000, 0x0000000100000000)
  region size 1024K, 4 young (4096K), 4 survivors (4096K)
 Metaspace       used 26244K, committed 26496K, reserved 1073152K
  class space    used 3112K, committed 3200K, reserved 1048576K
}
Event: 2.682 GC heap before
{Heap before GC invocations=7 (full 0):
 garbage-first heap   total 40960K, used 10641K [0x00000000c3200000, 0x0000000100000000)
  region size 1024K, 5 young (5120K), 4 survivors (4096K)
 Metaspace       used 26267K, committed 26496K, reserved 1073152K
  class space    used 3117K, committed 3200K, reserved 1048576K
}
Event: 2.688 GC heap after
{Heap after GC invocations=8 (full 0):
 garbage-first heap   total 63488K, used 10957K [0x00000000c3200000, 0x0000000100000000)
  region size 1024K, 1 young (1024K), 1 survivors (1024K)
 Metaspace       used 26267K, committed 26496K, reserved 1073152K
  class space    used 3117K, committed 3200K, reserved 1048576K
}
Event: 2.711 GC heap before
{Heap before GC invocations=8 (full 0):
 garbage-first heap   total 63488K, used 45773K [0x00000000c3200000, 0x0000000100000000)
  region size 1024K, 36 young (36864K), 1 survivors (1024K)
 Metaspace       used 26267K, committed 26496K, reserved 1073152K
  class space    used 3117K, committed 3200K, reserved 1048576K
}
Event: 2.711 GC heap after
{Heap after GC invocations=9 (full 0):
 garbage-first heap   total 63488K, used 10632K [0x00000000c3200000, 0x0000000100000000)
  region size 1024K, 1 young (1024K), 1 survivors (1024K)
 Metaspace       used 26267K, committed 26496K, reserved 1073152K
  class space    used 3117K, committed 3200K, reserved 1048576K
}
Event: 3.554 GC heap before
{Heap before GC invocations=9 (full 0):
 garbage-first heap   total 63488K, used 47496K [0x00000000c3200000, 0x0000000100000000)
  region size 1024K, 37 young (37888K), 1 survivors (1024K)
 Metaspace       used 29622K, committed 29888K, reserved 1081344K
  class space    used 3622K, committed 3776K, reserved 1048576K
}
Event: 3.559 GC heap after
{Heap after GC invocations=10 (full 0):
 garbage-first heap   total 63488K, used 12958K [0x00000000c3200000, 0x0000000100000000)
  region size 1024K, 3 young (3072K), 3 survivors (3072K)
 Metaspace       used 29622K, committed 29888K, reserved 1081344K
  class space    used 3622K, committed 3776K, reserved 1048576K
}
Event: 4.388 GC heap before
{Heap before GC invocations=10 (full 0):
 garbage-first heap   total 63488K, used 47774K [0x00000000c3200000, 0x0000000100000000)
  region size 1024K, 37 young (37888K), 3 survivors (3072K)
 Metaspace       used 34809K, committed 35136K, reserved 1081344K
  class space    used 4383K, committed 4544K, reserved 1048576K
}
Event: 4.398 GC heap after
{Heap after GC invocations=11 (full 0):
 garbage-first heap   total 63488K, used 16279K [0x00000000c3200000, 0x0000000100000000)
  region size 1024K, 5 young (5120K), 5 survivors (5120K)
 Metaspace       used 34809K, committed 35136K, reserved 1081344K
  class space    used 4383K, committed 4544K, reserved 1048576K
}
Event: 4.412 GC heap before
{Heap before GC invocations=11 (full 0):
 garbage-first heap   total 63488K, used 46999K [0x00000000c3200000, 0x0000000100000000)
  region size 1024K, 36 young (36864K), 5 survivors (5120K)
 Metaspace       used 34809K, committed 35136K, reserved 1081344K
  class space    used 4383K, committed 4544K, reserved 1048576K
}
Event: 4.420 GC heap after
{Heap after GC invocations=12 (full 0):
 garbage-first heap   total 63488K, used 16954K [0x00000000c3200000, 0x0000000100000000)
  region size 1024K, 1 young (1024K), 1 survivors (1024K)
 Metaspace       used 34809K, committed 35136K, reserved 1081344K
  class space    used 4383K, committed 4544K, reserved 1048576K
}
Event: 4.501 GC heap before
{Heap before GC invocations=12 (full 0):
 garbage-first heap   total 63488K, used 48698K [0x00000000c3200000, 0x0000000100000000)
  region size 1024K, 33 young (33792K), 1 survivors (1024K)
 Metaspace       used 35260K, committed 35584K, reserved 1081344K
  class space    used 4425K, committed 4608K, reserved 1048576K
}
Event: 4.503 GC heap after
{Heap after GC invocations=13 (full 0):
 garbage-first heap   total 153600K, used 16695K [0x00000000c3200000, 0x0000000100000000)
  region size 1024K, 1 young (1024K), 1 survivors (1024K)
 Metaspace       used 35260K, committed 35584K, reserved 1081344K
  class space    used 4425K, committed 4608K, reserved 1048576K
}
Event: 4.705 GC heap before
{Heap before GC invocations=13 (full 0):
 garbage-first heap   total 153600K, used 38199K [0x00000000c3200000, 0x0000000100000000)
  region size 1024K, 24 young (24576K), 1 survivors (1024K)
 Metaspace       used 35930K, committed 36288K, reserved 1081344K
  class space    used 4519K, committed 4672K, reserved 1048576K
}
Event: 4.707 GC heap after
{Heap after GC invocations=14 (full 0):
 garbage-first heap   total 153600K, used 16806K [0x00000000c3200000, 0x0000000100000000)
  region size 1024K, 1 young (1024K), 1 survivors (1024K)
 Metaspace       used 35930K, committed 36288K, reserved 1081344K
  class space    used 4519K, committed 4672K, reserved 1048576K
}
Event: 5.849 GC heap before
{Heap before GC invocations=15 (full 0):
 garbage-first heap   total 65536K, used 54694K [0x00000000c3200000, 0x0000000100000000)
  region size 1024K, 38 young (38912K), 1 survivors (1024K)
 Metaspace       used 44624K, committed 44992K, reserved 1089536K
  class space    used 5821K, committed 6016K, reserved 1048576K
}
Event: 5.855 GC heap after
{Heap after GC invocations=16 (full 0):
 garbage-first heap   total 65536K, used 19101K [0x00000000c3200000, 0x0000000100000000)
  region size 1024K, 3 young (3072K), 3 survivors (3072K)
 Metaspace       used 44624K, committed 44992K, reserved 1089536K
  class space    used 5821K, committed 6016K, reserved 1048576K
}
Event: 6.919 GC heap before
{Heap before GC invocations=16 (full 0):
 garbage-first heap   total 65536K, used 52893K [0x00000000c3200000, 0x0000000100000000)
  region size 1024K, 36 young (36864K), 3 survivors (3072K)
 Metaspace       used 51548K, committed 51968K, reserved 1097728K
  class space    used 6896K, committed 7104K, reserved 1048576K
}

